Using pre-set license
Built from '2020.3/release' branch; Version is '2020.3.2f1 (8fd9074bf66c) revision 9427207'; Using compiler version '192528614'; Build Type 'Release'
OS: 'Windows 10 Home Single Language; OS build 19042.1466; Version 2009; 64bit' Language: 'pt' Physical Memory: 7549 MB
BatchMode: 1, IsHumanControllingUs: 0, StartBugReporterOnCrash: 0, Is64bit: 1, IsPro: 0

 COMMAND LINE ARGUMENTS:
C:\Program Files\Unity\Hub\Editor\2020.3.2f1\Editor\Unity.exe
-adb2
-batchMode
-noUpm
-name
AssetImportWorker0
-projectPath
C:/Users/Pedro Freitas/Documents/GitHub/RangerVR
-logFile
Logs/AssetImportWorker0.log
-srvPort
63964
Successfully changed project path to: C:/Users/Pedro Freitas/Documents/GitHub/RangerVR
C:/Users/Pedro Freitas/Documents/GitHub/RangerVR
Using Asset Import Pipeline V2.
Refreshing native plugins compatible for Editor in 102.26 ms, found 3 plugins.
Preloading 1 native plugins for Editor in 8.14 ms.
Initialize engine version: 2020.3.2f1 (8fd9074bf66c)
[Subsystems] Discovering subsystems at path C:/Program Files/Unity/Hub/Editor/2020.3.2f1/Editor/Data/Resources/UnitySubsystems
[Subsystems] Discovering subsystems at path C:/Users/Pedro Freitas/Documents/GitHub/RangerVR/Assets
GfxDevice: creating device client; threaded=0
Direct3D:
    Version:  Direct3D 11.0 [level 11.1]
    Renderer: NVIDIA GeForce GTX 1650 Ti (ID=0x1f95)
    Vendor:   
    VRAM:     3962 MB
    Driver:   27.21.14.5167
Shader 'Universal Render Pipeline/Particles/Lit': fallback shader 'Universal Render Pipeline/Particles/SimpleLit' not found
Initialize mono
Mono path[0] = 'C:/Program Files/Unity/Hub/Editor/2020.3.2f1/Editor/Data/Managed'
Mono path[1] = 'C:/Program Files/Unity/Hub/Editor/2020.3.2f1/Editor/Data/MonoBleedingEdge/lib/mono/unityjit'
Mono config path = 'C:/Program Files/Unity/Hub/Editor/2020.3.2f1/Editor/Data/MonoBleedingEdge/etc'
Using monoOptions --debugger-agent=transport=dt_socket,embedding=1,server=y,suspend=n,address=127.0.0.1:56652
Begin MonoManager ReloadAssembly
Registering precompiled unity dll's ...
Register platform support module: C:/Program Files/Unity/Hub/Editor/2020.3.2f1/Editor/Data/PlaybackEngines/WindowsStandaloneSupport/UnityEditor.WindowsStandalone.Extensions.dll
Registered in 0.004040 seconds.
Native extension for WindowsStandalone target not found
Refreshing native plugins compatible for Editor in 73.49 ms, found 3 plugins.
Preloading 1 native plugins for Editor in 0.36 ms.
Invoked RoslynAnalysisRunner static constructor.
RoslynAnalysisRunner will not be running.
RoslynAnalysisRunner has terminated.
Mono: successfully reloaded assembly
- Completed reload, in  6.728 seconds
Platform modules already initialized, skipping
Registering precompiled user dll's ...
Registered in 0.008932 seconds.
Begin MonoManager ReloadAssembly
Native extension for WindowsStandalone target not found
Refreshing native plugins compatible for Editor in 70.17 ms, found 3 plugins.
Preloading 1 native plugins for Editor in 0.32 ms.
Invoked RoslynAnalysisRunner static constructor.
RoslynAnalysisRunner will not be running.
RoslynAnalysisRunner has terminated.
[XR] OculusXRPlugin: registering subsystems
[XR] Unable to register display lifecyle provider: [1]
[XR] Oculus Input lifecycle provider registered.
[XR] Unable to register input lifecyle provider: [1]
NullReferenceException: Object reference not set to an instance of an object
  at Unity.XR.Oculus.OculusLoader.AssetPathToAbsolutePath (System.String assetPath) [0x00048] in C:\Users\Pedro Freitas\Documents\GitHub\RangerVR\Library\PackageCache\com.unity.xr.oculus@1.8.1\Runtime\OculusLoader.cs:243 
  at Unity.XR.Oculus.OculusLoader.EditorLoadOVRPlugin () [0x0007b] in C:\Users\Pedro Freitas\Documents\GitHub\RangerVR\Library\PackageCache\com.unity.xr.oculus@1.8.1\Runtime\OculusLoader.cs:228 

(Filename: Library/PackageCache/com.unity.xr.oculus@1.8.1/Runtime/OculusLoader.cs Line: 243)

Mono: successfully reloaded assembly
- Completed reload, in  1.429 seconds
Platform modules already initialized, skipping
========================================================================
Worker process is ready to serve import requests
Shader 'Universal Render Pipeline/Particles/Lit': fallback shader 'Universal Render Pipeline/Particles/SimpleLit' not found
Launched and connected shader compiler UnityShaderCompiler.exe after 0.09 seconds
Refreshing native plugins compatible for Editor in 0.65 ms, found 3 plugins.
Preloading 1 native plugins for Editor in 0.13 ms.
Unloading 3158 Unused Serialized files (Serialized files now loaded: 0)
System memory in use before: 141.6 MB.
System memory in use after: 141.8 MB.

Unloading 14 unused Assets to reduce memory usage. Loaded Objects now: 3610.
Total: 8.313000 ms (FindLiveObjects: 0.947300 ms CreateObjectMapping: 0.111300 ms MarkObjects: 7.143600 ms  DeleteObjects: 0.105800 ms)

========================================================================
Received Import Request.
  path: Assets/Materials/New Shader Graph.shadergraph
  artifactKey: Guid(56aa3fd13e058d2468628095e4c19130) Importer(815301076,1909f56bfc062723c751e8b465ee728b)
Start importing Assets/Materials/New Shader Graph.shadergraph using Guid(56aa3fd13e058d2468628095e4c19130) Importer(815301076,1909f56bfc062723c751e8b465ee728b)  -> (artifact id: 'd2c22a78e996861fdd22a23d2d881ea9') in 0.098800 seconds
  Import took 0.109863 seconds .

AssetImportWorkerClient::OnTransportError - code=2 error=End of file
